<?xml version="1.0" encoding="UTF-8"?>
<testsuite xmlns:xsi="http://www.w3.org/2001/XMLSchema-instance" xsi:noNamespaceSchemaLocation="https://maven.apache.org/surefire/maven-surefire-plugin/xsd/surefire-test-report.xsd" name="emidio.trabalho.AppTest" time="0.05" tests="7" errors="0" skipped="0" failures="0">
  <properties>
[...]
</properties>
  <testcase name="testLimiteInferiorReprovado" classname="emidio.trabalho.AppTest" time="0.008"/>
  <testcase name="testNotasIguais" classname="emidio.trabalho.AppTest" time="0"/>
  <testcase name="testLimiteSuperiorAprovado" classname="emidio.trabalho.AppTest" time="0"/>
  <testcase name="testNotaAltaComPesoMaiorMasInsuficiente" classname="emidio.trabalho.AppTest" time="0"/>
  <testcase name="testReprovadoDireto" classname="emidio.trabalho.AppTest" time="0"/>
  <testcase name="testVaiParaExame" classname="emidio.trabalho.AppTest" time="0"/>
  <testcase name="testAprovadoDireto" classname="emidio.trabalho.AppTest" time="0"/>
</testsuite>