<?xml version="1.0" encoding="UTF-8"?>
<testsuite xmlns:xsi="http://www.w3.org/2001/XMLSchema-instance" xsi:noNamespaceSchemaLocation="https://maven.apache.org/surefire/maven-surefire-plugin/xsd/surefire-test-report.xsd" name="emidio.trabalho.AppTest" time="0.063" tests="8" errors="0" skipped="0" failures="1">
  <properties>
[...]
</properties>
  <testcase name="testLimiteInferiorReprovado" classname="emidio.trabalho.AppTest" time="0.006"/>
  <testcase name="testNotasIguais" classname="emidio.trabalho.AppTest" time="0"/>
  <testcase name="testFalhaPropositalNoCalculoExame" classname="emidio.trabalho.AppTest" time="0.007">
    <failure message="Values should be different. Actual: Aprovado após exame" type="java.lang.AssertionError">java.lang.AssertionError: Values should be different. Actual: Aprovado após exame
	at emidio.trabalho.AppTest.testFalhaPropositalNoCalculoExame(AppTest.java:50)
</failure>
  </testcase>
  <testcase name="testLimiteSuperiorAprovado" classname="emidio.trabalho.AppTest" time="0"/>
  <testcase name="testNotaAltaComPesoMaiorMasInsuficiente" classname="emidio.trabalho.AppTest" time="0"/>
  <testcase name="testReprovadoDireto" classname="emidio.trabalho.AppTest" time="0"/>
  <testcase name="testVaiParaExame" classname="emidio.trabalho.AppTest" time="0"/>
  <testcase name="testAprovadoDireto" classname="emidio.trabalho.AppTest" time="0"/>
</testsuite>